[03/05/2025 10:01:21,85] [INFO] Iniciando script de inicialização do Sistema de Autocura Cognitiva 
[03/05/2025 10:01:21,85] [INFO] Logs serão salvos em: C:\Users\i.A\Desktop\autocura_cognitiva\logs\startup_20250503_1001.log 
[03/05/2025 10:01:21,85] [INFO] Verificando pré-requisitos... 
[03/05/2025 10:01:21,91] [INFO] Versão do Docker: Docker version 28.1.1, build 4eba377 
[03/05/2025 10:01:22,10] [INFO] Versão do kubectl: Kustomize Version: v5.6.0 
[03/05/2025 10:01:22,10] [INFO] Configurando ambiente... 
[03/05/2025 10:01:22,17] [INFO] Registry local já está rodando 
[03/05/2025 10:01:53,89] [INFO] Iniciando build e push de imagens... 
[03/05/2025 10:01:53,89] [INFO] Buildando imagem do monitoramento... 
[03/05/2025 10:01:56,15] [INFO] Buildando imagem do diagnostico... 
[03/05/2025 10:01:57,48] [INFO] Buildando imagem do gerador_acoes... 
[03/05/2025 10:01:58,89] [INFO] Buildando imagem do observabilidade... 
[03/05/2025 10:02:00,23] [INFO] Buildando imagem do portal_web... 
[03/05/2025 10:02:01,56] [INFO] Aplicando recursos Kubernetes... 
[03/05/2025 10:02:01,56] [INFO] Limpando deployments antigos... 
[03/05/2025 10:02:01,61] [INFO] Aplicando CRDs... 
[03/05/2025 10:02:01,74] [INFO] Aplicando recursos base... 
[03/05/2025 10:02:01,94] [INFO] Aplicando recursos de monitoramento... 
[03/05/2025 10:02:02,47] [INFO] Aplicando recursos de armazenamento... 
[03/05/2025 10:02:02,63] [INFO] Aplicando recursos de componentes... 
[03/05/2025 10:02:02,69] [INFO] Aplicando recursos de operadores... 
[03/05/2025 10:02:02,74] [INFO] Verificando configurações RBAC... 
[03/05/2025 10:02:02,80] [ERRO] Falha na verificação dos ServiceAccounts 
[03/05/2025 10:02:02,80] [ERRO] Falha na verificação do RBAC 
