[03/05/2025  9:38:03,25] [INFO] Iniciando script de inicialização do Sistema de Autocura Cognitiva 
[03/05/2025  9:38:03,25] [INFO] Logs serão salvos em: ..\logs\startup_20250503_ 938.log 
[03/05/2025  9:38:03,25] [INFO] Verificando pré-requisitos... 
[03/05/2025  9:38:03,31] [INFO] Versão do Docker: Docker version 28.1.1, build 4eba377 
[03/05/2025  9:38:03,52] [INFO] Versão do kubectl: Kustomize Version: v5.6.0 
[03/05/2025  9:38:03,53] [INFO] Configurando ambiente... 
[03/05/2025  9:38:03,58] [INFO] Registry local já está rodando 
[03/05/2025  9:38:20,09] [INFO] Iniciando build e push de imagens... 
[03/05/2025  9:38:20,10] [INFO] Buildando imagem do monitoramento... 
[03/05/2025  9:38:21,34] [INFO] Buildando imagem do diagnostico... 
[03/05/2025  9:38:22,33] [INFO] Buildando imagem do gerador_acoes... 
[03/05/2025  9:38:23,29] [INFO] Buildando imagem do observabilidade... 
[03/05/2025  9:38:24,25] [INFO] Buildando imagem do portal_web... 
[03/05/2025  9:38:25,24] [INFO] Aplicando recursos Kubernetes... 
[03/05/2025  9:38:25,24] [INFO] Limpando deployments antigos... 
[03/05/2025  9:38:25,30] [INFO] Aplicando recursos base... 
[03/05/2025  9:38:25,34] [INFO] Aplicando recursos de monitoramento... 
[03/05/2025  9:38:25,38] [INFO] Aplicando recursos de armazenamento... 
[03/05/2025  9:38:25,43] [INFO] Aplicando recursos de componentes... 
[03/05/2025  9:38:25,47] [INFO] Aplicando recursos de operadores... 
[03/05/2025  9:38:25,53] [INFO] Verificando configurações RBAC... 
[03/05/2025  9:38:25,60] [ERRO] Falha na verificação dos ServiceAccounts 
[03/05/2025  9:38:25,60] [ERRO] Falha na verificação do RBAC 
