[03/05/2025  9:21:28,58] [INFO] Iniciando build e push de imagens... 
[03/05/2025  9:21:28,59] [INFO] Buildando imagem do monitoramento... 
[03/05/2025  9:21:36,58] [INFO] Aplicando recursos Kubernetes... 
[03/05/2025  9:21:36,58] [INFO] Limpando deployments antigos... 
[03/05/2025  9:21:36,63] [INFO] Aplicando CRDs... 
[03/05/2025  9:21:36,76] [INFO] Aplicando recursos base... 
[03/05/2025  9:21:36,96] [INFO] Aplicando recursos de monitoramento... 
[03/05/2025  9:21:37,00] [INFO] Aplicando recursos de armazenamento... 
[03/05/2025  9:21:37,05] [INFO] Aplicando recursos de componentes... 
[03/05/2025  9:21:37,10] [INFO] Aplicando recursos de operadores... 
[03/05/2025  9:21:37,15] [INFO] Verificando status final... 
[03/05/2025  9:21:37,21] [INFO] Aguardando pods ficarem prontos (tentativa 1 de 3)... 
[03/05/2025  9:21:47,26] [INFO] Aguardando pods ficarem prontos (tentativa 2 de 3)... 
[03/05/2025  9:21:57,22] [INFO] Aguardando pods ficarem prontos (tentativa 3 de 3)... 
[03/05/2025  9:22:07,24] [INFO] Aguardando pods ficarem prontos (tentativa 4 de 3)... 
[03/05/2025  9:22:17,17] [INFO] Aguardando pods ficarem prontos (tentativa 5 de 3)... 
[03/05/2025  9:22:27,17] [INFO] Aguardando pods ficarem prontos (tentativa 6 de 3)... 
[03/05/2025  9:22:37,17] [INFO] Aguardando pods ficarem prontos (tentativa 7 de 3)... 
[03/05/2025  9:22:47,22] [INFO] Aguardando pods ficarem prontos (tentativa 8 de 3)... 
[03/05/2025  9:22:57,24] [INFO] Aguardando pods ficarem prontos (tentativa 9 de 3)... 
[03/05/2025  9:23:07,19] [INFO] Aguardando pods ficarem prontos (tentativa 10 de 3)... 
[03/05/2025  9:23:17,29] [INFO] Aguardando pods ficarem prontos (tentativa 11 de 3)... 
[03/05/2025  9:23:27,18] [INFO] Aguardando pods ficarem prontos (tentativa 12 de 3)... 
[03/05/2025  9:23:37,22] [INFO] Aguardando pods ficarem prontos (tentativa 13 de 3)... 
[03/05/2025  9:23:47,27] [INFO] Aguardando pods ficarem prontos (tentativa 14 de 3)... 
[03/05/2025  9:23:57,17] [INFO] Aguardando pods ficarem prontos (tentativa 15 de 3)... 
[03/05/2025  9:24:07,22] [INFO] Aguardando pods ficarem prontos (tentativa 16 de 3)... 
[03/05/2025  9:24:17,26] [INFO] Aguardando pods ficarem prontos (tentativa 17 de 3)... 
[03/05/2025  9:24:27,20] [INFO] Aguardando pods ficarem prontos (tentativa 18 de 3)... 
[03/05/2025  9:24:37,19] [INFO] Aguardando pods ficarem prontos (tentativa 19 de 3)... 
[03/05/2025  9:24:47,23] [INFO] Aguardando pods ficarem prontos (tentativa 20 de 3)... 
[03/05/2025  9:24:57,19] [INFO] Aguardando pods ficarem prontos (tentativa 21 de 3)... 
[03/05/2025  9:25:07,20] [INFO] Aguardando pods ficarem prontos (tentativa 22 de 3)... 
[03/05/2025  9:25:17,24] [INFO] Aguardando pods ficarem prontos (tentativa 23 de 3)... 
[03/05/2025  9:25:27,19] [INFO] Aguardando pods ficarem prontos (tentativa 24 de 3)... 
[03/05/2025  9:25:37,25] [INFO] Aguardando pods ficarem prontos (tentativa 25 de 3)... 
[03/05/2025  9:25:47,21] [INFO] Aguardando pods ficarem prontos (tentativa 26 de 3)... 
[03/05/2025  9:25:57,17] [INFO] Aguardando pods ficarem prontos (tentativa 27 de 3)... 
[03/05/2025  9:26:07,22] [INFO] Aguardando pods ficarem prontos (tentativa 28 de 3)... 
[03/05/2025  9:26:17,22] [INFO] Aguardando pods ficarem prontos (tentativa 29 de 3)... 
[03/05/2025  9:26:27,25] [ERRO] Falha ao verificar status dos pods 
[03/05/2025  9:26:27,25] [ERRO] Falha na verificação do status final 
