[03/05/2025  8:23:48,12] [INFO] Iniciando script de inicialização do Sistema de Autocura Cognitiva 
[03/05/2025  8:23:48,12] [INFO] Logs serão salvos em: ..\logs\startup_20250503_ 823.log 
[03/05/2025  8:23:48,12] [INFO] Verificando pré-requisitos... 
[03/05/2025  8:23:48,19] [INFO] Versão do Docker: Docker version 28.1.1, build 4eba377 
[03/05/2025  8:23:48,40] [INFO] Versão do kubectl:  
[03/05/2025  8:23:48,41] [INFO] Configurando ambiente... 
[03/05/2025  8:23:48,47] [INFO] Registry local já está rodando 
[03/05/2025  8:24:27,46] [INFO] Iniciando build e push de imagens... 
[03/05/2025  8:24:27,46] [INFO] Buildando imagem do monitoramento... 
[03/05/2025  8:25:18,29] [INFO] Aplicando recursos Kubernetes... 
[03/05/2025  8:25:18,29] [INFO] Limpando deployments antigos... 
[03/05/2025  8:25:18,35] [INFO] Aplicando CRDs... 
[03/05/2025  8:25:18,50] [INFO] Aplicando recursos base... 
[03/05/2025  8:25:18,71] [INFO] Aplicando operadores... 
[03/05/2025  8:25:18,90] [INFO] Aplicando componentes... 
[03/05/2025  8:25:19,25] [INFO] Aplicando storage... 
[03/05/2025  8:25:19,42] [INFO] Aplicando ambiente de desenvolvimento... 
[03/05/2025  8:25:20,71] [INFO] Verificando status final... 
[03/05/2025  8:25:20,71] [INFO] Status dos pods: 
[03/05/2025  8:25:20,78] [INFO] Status dos serviços: 
[03/05/2025  8:25:20,85] [INFO] Status dos deployments: 
[03/05/2025  8:25:21,00] [ERRO] Alguns pods não estão em estado Running 
[03/05/2025  8:25:21,00] [ERRO] Falha na verificação do status final 
