[03/05/2025  9:27:36,61] [INFO] Iniciando build e push de imagens... 
[03/05/2025  9:27:36,61] [INFO] Buildando imagem do monitoramento... 
[03/05/2025  9:27:44,36] [INFO] Aplicando recursos Kubernetes... 
[03/05/2025  9:27:44,36] [INFO] Limpando deployments antigos... 
[03/05/2025  9:27:44,41] [INFO] Aplicando CRDs... 
[03/05/2025  9:27:44,54] [INFO] Aplicando recursos base... 
[03/05/2025  9:27:44,73] [INFO] Aplicando recursos de monitoramento... 
[03/05/2025  9:27:44,77] [INFO] Aplicando recursos de armazenamento... 
[03/05/2025  9:27:44,94] [INFO] Aplicando recursos de componentes... 
[03/05/2025  9:27:44,99] [INFO] Aplicando recursos de operadores... 
[03/05/2025  9:27:45,05] [INFO] Verificando status final... 
[03/05/2025  9:27:45,10] [INFO] Aguardando pods ficarem prontos (tentativa 1 de 3)... 
[03/05/2025  9:27:55,23] [INFO] Aguardando pods ficarem prontos (tentativa 2 de 3)... 
[03/05/2025  9:28:05,16] [INFO] Aguardando pods ficarem prontos (tentativa 3 de 3)... 
[03/05/2025  9:28:15,20] [INFO] Aguardando pods ficarem prontos (tentativa 4 de 3)... 
[03/05/2025  9:28:25,98] [INFO] Aguardando pods ficarem prontos (tentativa 5 de 3)... 
[03/05/2025  9:28:35,22] [INFO] Aguardando pods ficarem prontos (tentativa 6 de 3)... 
[03/05/2025  9:28:45,16] [INFO] Aguardando pods ficarem prontos (tentativa 7 de 3)... 
[03/05/2025  9:28:55,26] [INFO] Aguardando pods ficarem prontos (tentativa 8 de 3)... 
[03/05/2025  9:29:05,20] [INFO] Aguardando pods ficarem prontos (tentativa 9 de 3)... 
[03/05/2025  9:29:15,19] [INFO] Aguardando pods ficarem prontos (tentativa 10 de 3)... 
[03/05/2025  9:29:25,20] [INFO] Aguardando pods ficarem prontos (tentativa 11 de 3)... 
[03/05/2025  9:29:35,19] [INFO] Aguardando pods ficarem prontos (tentativa 12 de 3)... 
[03/05/2025  9:29:45,18] [INFO] Aguardando pods ficarem prontos (tentativa 13 de 3)... 
[03/05/2025  9:29:55,25] [INFO] Aguardando pods ficarem prontos (tentativa 14 de 3)... 
[03/05/2025  9:30:05,24] [INFO] Aguardando pods ficarem prontos (tentativa 15 de 3)... 
[03/05/2025  9:30:15,15] [INFO] Aguardando pods ficarem prontos (tentativa 16 de 3)... 
[03/05/2025  9:30:25,25] [INFO] Aguardando pods ficarem prontos (tentativa 17 de 3)... 
[03/05/2025  9:30:35,16] [INFO] Aguardando pods ficarem prontos (tentativa 18 de 3)... 
[03/05/2025  9:30:45,22] [INFO] Aguardando pods ficarem prontos (tentativa 19 de 3)... 
[03/05/2025  9:30:55,16] [INFO] Aguardando pods ficarem prontos (tentativa 20 de 3)... 
[03/05/2025  9:31:05,19] [INFO] Aguardando pods ficarem prontos (tentativa 21 de 3)... 
[03/05/2025  9:31:15,26] [INFO] Aguardando pods ficarem prontos (tentativa 22 de 3)... 
[03/05/2025  9:31:25,20] [INFO] Aguardando pods ficarem prontos (tentativa 23 de 3)... 
[03/05/2025  9:31:35,18] [INFO] Aguardando pods ficarem prontos (tentativa 24 de 3)... 
[03/05/2025  9:31:45,18] [INFO] Aguardando pods ficarem prontos (tentativa 25 de 3)... 
[03/05/2025  9:31:55,25] [INFO] Aguardando pods ficarem prontos (tentativa 26 de 3)... 
[03/05/2025  9:32:05,26] [INFO] Aguardando pods ficarem prontos (tentativa 27 de 3)... 
[03/05/2025  9:32:15,21] [INFO] Aguardando pods ficarem prontos (tentativa 28 de 3)... 
[03/05/2025  9:32:25,18] [INFO] Aguardando pods ficarem prontos (tentativa 29 de 3)... 
[03/05/2025  9:32:35,26] [ERRO] Falha ao verificar status dos pods 
[03/05/2025  9:32:35,26] [ERRO] Falha na verificação do status final 
