[03/05/2025  9:00:17,31] [INFO] Iniciando build e push de imagens... 
[03/05/2025  9:00:17,32] [INFO] Buildando imagem do monitoramento... 
[03/05/2025  9:00:25,65] [INFO] Aplicando recursos Kubernetes... 
[03/05/2025  9:00:25,65] [INFO] Limpando deployments antigos... 
[03/05/2025  9:00:25,70] [INFO] Aplicando CRDs... 
[03/05/2025  9:00:25,83] [INFO] Aplicando recursos base... 
[03/05/2025  9:00:25,87] [INFO] Aplicando recursos de monitoramento... 
[03/05/2025  9:00:25,92] [INFO] Aplicando recursos de armazenamento... 
[03/05/2025  9:00:25,97] [INFO] Aplicando recursos de componentes... 
[03/05/2025  9:00:26,01] [INFO] Aplicando recursos de operadores... 
[03/05/2025  9:00:26,06] [INFO] Verificando status final... 
[03/05/2025  9:00:26,11] [INFO] Aguardando pods ficarem prontos (tentativa 1 de 3)... 
[03/05/2025  9:00:36,17] [INFO] Aguardando pods ficarem prontos (tentativa 2 de 3)... 
[03/05/2025  9:00:46,16] [INFO] Aguardando pods ficarem prontos (tentativa 3 de 3)... 
[03/05/2025  9:00:56,46] [INFO] Aguardando pods ficarem prontos (tentativa 4 de 3)... 
[03/05/2025  9:01:06,21] [INFO] Aguardando pods ficarem prontos (tentativa 5 de 3)... 
[03/05/2025  9:01:16,23] [INFO] Aguardando pods ficarem prontos (tentativa 6 de 3)... 
[03/05/2025  9:01:26,20] [INFO] Aguardando pods ficarem prontos (tentativa 7 de 3)... 
[03/05/2025  9:01:36,16] [INFO] Aguardando pods ficarem prontos (tentativa 8 de 3)... 
[03/05/2025  9:01:46,22] [INFO] Aguardando pods ficarem prontos (tentativa 9 de 3)... 
[03/05/2025  9:01:56,21] [INFO] Aguardando pods ficarem prontos (tentativa 10 de 3)... 
[03/05/2025  9:02:06,21] [INFO] Aguardando pods ficarem prontos (tentativa 11 de 3)... 
[03/05/2025  9:02:16,18] [INFO] Aguardando pods ficarem prontos (tentativa 12 de 3)... 
[03/05/2025  9:02:26,18] [INFO] Aguardando pods ficarem prontos (tentativa 13 de 3)... 
[03/05/2025  9:02:36,24] [INFO] Aguardando pods ficarem prontos (tentativa 14 de 3)... 
[03/05/2025  9:02:46,20] [INFO] Aguardando pods ficarem prontos (tentativa 15 de 3)... 
[03/05/2025  9:02:56,17] [INFO] Aguardando pods ficarem prontos (tentativa 16 de 3)... 
[03/05/2025  9:03:06,21] [INFO] Aguardando pods ficarem prontos (tentativa 17 de 3)... 
[03/05/2025  9:03:16,17] [INFO] Aguardando pods ficarem prontos (tentativa 18 de 3)... 
[03/05/2025  9:03:26,22] [INFO] Aguardando pods ficarem prontos (tentativa 19 de 3)... 
[03/05/2025  9:03:36,17] [INFO] Aguardando pods ficarem prontos (tentativa 20 de 3)... 
[03/05/2025  9:03:46,21] [INFO] Aguardando pods ficarem prontos (tentativa 21 de 3)... 
[03/05/2025  9:03:56,17] [INFO] Aguardando pods ficarem prontos (tentativa 22 de 3)... 
[03/05/2025  9:04:06,26] [INFO] Aguardando pods ficarem prontos (tentativa 23 de 3)... 
[03/05/2025  9:04:16,22] [INFO] Aguardando pods ficarem prontos (tentativa 24 de 3)... 
[03/05/2025  9:04:26,25] [INFO] Aguardando pods ficarem prontos (tentativa 25 de 3)... 
[03/05/2025  9:04:36,23] [INFO] Aguardando pods ficarem prontos (tentativa 26 de 3)... 
[03/05/2025  9:04:46,25] [INFO] Aguardando pods ficarem prontos (tentativa 27 de 3)... 
[03/05/2025  9:04:56,22] [INFO] Aguardando pods ficarem prontos (tentativa 28 de 3)... 
[03/05/2025  9:05:06,20] [INFO] Aguardando pods ficarem prontos (tentativa 29 de 3)... 
[03/05/2025  9:05:16,26] [ERRO] Falha ao verificar status dos pods 
[03/05/2025  9:05:16,26] [ERRO] Falha na verificação do status final 
