[03/05/2025 10:06:29,40] [INFO] Iniciando script de inicialização do Sistema de Autocura Cognitiva 
[03/05/2025 10:06:29,41] [INFO] Logs serão salvos em: C:\Users\i.A\Desktop\autocura_cognitiva\logs\startup_20250503_1006.log 
[03/05/2025 10:06:29,41] [INFO] Verificando pré-requisitos... 
[03/05/2025 10:06:29,47] [INFO] Versão do Docker: Docker version 28.1.1, build 4eba377 
[03/05/2025 10:06:29,68] [INFO] Versão do kubectl: Kustomize Version: v5.6.0 
[03/05/2025 10:06:29,68] [INFO] Configurando ambiente... 
[03/05/2025 10:06:29,73] [INFO] Registry local já está rodando 
[03/05/2025 10:07:00,01] [INFO] Iniciando build e push de imagens... 
[03/05/2025 10:07:00,02] [INFO] Buildando imagem do monitoramento... 
[03/05/2025 10:07:02,24] [INFO] Buildando imagem do diagnostico... 
[03/05/2025 10:07:03,60] [INFO] Buildando imagem do gerador_acoes... 
[03/05/2025 10:07:04,99] [INFO] Buildando imagem do observabilidade... 
[03/05/2025 10:07:06,33] [INFO] Buildando imagem do portal_web... 
[03/05/2025 10:07:07,70] [INFO] Aplicando recursos Kubernetes... 
[03/05/2025 10:07:07,70] [INFO] Limpando deployments antigos... 
[03/05/2025 10:07:07,76] [INFO] Aplicando CRDs... 
[03/05/2025 10:07:07,88] [INFO] Aplicando recursos base... 
[03/05/2025 10:07:08,08] [INFO] Aplicando recursos de monitoramento... 
[03/05/2025 10:07:08,60] [INFO] Aplicando recursos de armazenamento... 
[03/05/2025 10:07:08,80] [INFO] Aplicando recursos de componentes... 
[03/05/2025 10:07:08,85] [INFO] Aplicando recursos de operadores... 
[03/05/2025 10:07:09,15] [INFO] Verificando configurações RBAC... 
[03/05/2025 10:07:09,20] [ERRO] Falha na verificação dos ServiceAccounts 
[03/05/2025 10:07:09,21] [ERRO] Falha na verificação do RBAC 
