[03/05/2025  8:52:12,40] [INFO] Iniciando build e push de imagens... 
[03/05/2025  8:52:12,41] [INFO] Buildando imagem do monitoramento... 
[03/05/2025  8:52:21,01] [INFO] Aplicando recursos Kubernetes... 
[03/05/2025  8:52:21,01] [INFO] Limpando deployments antigos... 
[03/05/2025  8:52:21,11] [INFO] Aplicando CRDs... 
[03/05/2025  8:52:21,30] [INFO] Aplicando recursos base... 
[03/05/2025  8:52:21,34] [INFO] Aplicando recursos de monitoramento... 
[03/05/2025  8:52:21,39] [INFO] Aplicando recursos de armazenamento... 
[03/05/2025  8:52:21,46] [INFO] Aplicando recursos de componentes... 
[03/05/2025  8:52:21,52] [INFO] Aplicando recursos de operadores... 
[03/05/2025  8:52:21,59] [INFO] Verificando status final... 
[03/05/2025  8:52:21,65] [INFO] Aguardando pods ficarem prontos (tentativa 1 de 3)... 
[03/05/2025  8:52:31,21] [INFO] Aguardando pods ficarem prontos (tentativa 2 de 3)... 
[03/05/2025  8:52:41,20] [INFO] Aguardando pods ficarem prontos (tentativa 3 de 3)... 
[03/05/2025  8:52:53,23] [INFO] Aguardando pods ficarem prontos (tentativa 4 de 3)... 
[03/05/2025  8:53:03,27] [INFO] Aguardando pods ficarem prontos (tentativa 5 de 3)... 
[03/05/2025  8:53:13,19] [INFO] Aguardando pods ficarem prontos (tentativa 6 de 3)... 
[03/05/2025  8:53:23,23] [INFO] Aguardando pods ficarem prontos (tentativa 7 de 3)... 
[03/05/2025  8:53:33,23] [INFO] Aguardando pods ficarem prontos (tentativa 8 de 3)... 
[03/05/2025  8:53:43,21] [INFO] Aguardando pods ficarem prontos (tentativa 9 de 3)... 
[03/05/2025  8:53:53,23] [INFO] Aguardando pods ficarem prontos (tentativa 10 de 3)... 
[03/05/2025  8:54:03,21] [INFO] Aguardando pods ficarem prontos (tentativa 11 de 3)... 
[03/05/2025  8:54:13,25] [INFO] Aguardando pods ficarem prontos (tentativa 12 de 3)... 
[03/05/2025  8:54:23,22] [INFO] Aguardando pods ficarem prontos (tentativa 13 de 3)... 
[03/05/2025  8:54:33,22] [INFO] Aguardando pods ficarem prontos (tentativa 14 de 3)... 
[03/05/2025  8:54:43,23] [INFO] Aguardando pods ficarem prontos (tentativa 15 de 3)... 
[03/05/2025  8:54:53,20] [INFO] Aguardando pods ficarem prontos (tentativa 16 de 3)... 
[03/05/2025  8:55:03,26] [INFO] Aguardando pods ficarem prontos (tentativa 17 de 3)... 
[03/05/2025  8:55:13,24] [INFO] Aguardando pods ficarem prontos (tentativa 18 de 3)... 
[03/05/2025  8:55:23,17] [INFO] Aguardando pods ficarem prontos (tentativa 19 de 3)... 
[03/05/2025  8:55:33,20] [INFO] Aguardando pods ficarem prontos (tentativa 20 de 3)... 
[03/05/2025  8:55:43,24] [INFO] Aguardando pods ficarem prontos (tentativa 21 de 3)... 
[03/05/2025  8:55:53,23] [INFO] Aguardando pods ficarem prontos (tentativa 22 de 3)... 
[03/05/2025  8:56:03,27] [INFO] Aguardando pods ficarem prontos (tentativa 23 de 3)... 
[03/05/2025  8:56:13,19] [INFO] Aguardando pods ficarem prontos (tentativa 24 de 3)... 
[03/05/2025  8:56:23,23] [INFO] Aguardando pods ficarem prontos (tentativa 25 de 3)... 
[03/05/2025  8:56:33,25] [INFO] Aguardando pods ficarem prontos (tentativa 26 de 3)... 
[03/05/2025  8:56:43,18] [INFO] Aguardando pods ficarem prontos (tentativa 27 de 3)... 
[03/05/2025  8:56:53,22] [INFO] Aguardando pods ficarem prontos (tentativa 28 de 3)... 
[03/05/2025  8:57:03,28] [INFO] Aguardando pods ficarem prontos (tentativa 29 de 3)... 
[03/05/2025  8:57:13,21] [ERRO] Falha ao verificar status dos pods 
[03/05/2025  8:57:13,21] [ERRO] Falha na verificação do status final 
