[03/05/2025 10:02:59,05] [INFO] Iniciando script de inicialização do Sistema de Autocura Cognitiva 
[03/05/2025 10:02:59,05] [INFO] Logs serão salvos em: C:\Users\i.A\Desktop\autocura_cognitiva\logs\startup_20250503_1002.log 
[03/05/2025 10:02:59,06] [INFO] Verificando pré-requisitos... 
[03/05/2025 10:02:59,12] [INFO] Versão do Docker: Docker version 28.1.1, build 4eba377 
[03/05/2025 10:02:59,37] [INFO] Versão do kubectl: Kustomize Version: v5.6.0 
[03/05/2025 10:02:59,38] [INFO] Configurando ambiente... 
[03/05/2025 10:02:59,43] [INFO] Registry local já está rodando 
[03/05/2025 10:03:29,15] [INFO] Iniciando build e push de imagens... 
[03/05/2025 10:03:29,15] [INFO] Buildando imagem do monitoramento... 
[03/05/2025 10:03:31,04] [INFO] Buildando imagem do diagnostico... 
[03/05/2025 10:03:32,44] [INFO] Buildando imagem do gerador_acoes... 
[03/05/2025 10:03:33,77] [INFO] Buildando imagem do observabilidade... 
[03/05/2025 10:03:35,13] [INFO] Buildando imagem do portal_web... 
[03/05/2025 10:03:36,48] [INFO] Aplicando recursos Kubernetes... 
[03/05/2025 10:03:36,48] [INFO] Limpando deployments antigos... 
[03/05/2025 10:03:36,53] [INFO] Aplicando CRDs... 
[03/05/2025 10:03:36,66] [INFO] Aplicando recursos base... 
[03/05/2025 10:03:36,85] [INFO] Aplicando recursos de monitoramento... 
[03/05/2025 10:03:37,38] [INFO] Aplicando recursos de armazenamento... 
[03/05/2025 10:03:37,55] [INFO] Aplicando recursos de componentes... 
[03/05/2025 10:03:37,60] [INFO] Aplicando recursos de operadores... 
[03/05/2025 10:03:37,66] [INFO] Verificando configurações RBAC... 
[03/05/2025 10:03:37,72] [ERRO] Falha na verificação dos ServiceAccounts 
[03/05/2025 10:03:37,72] [ERRO] Falha na verificação do RBAC 
