[03/05/2025 10:11:21,18] [INFO] Iniciando script de inicialização do Sistema de Autocura Cognitiva 
[03/05/2025 10:11:21,19] [INFO] Logs serão salvos em: C:\Users\i.A\Desktop\autocura_cognitiva\logs\startup_20250503_1011.log 
[03/05/2025 10:11:21,19] [INFO] Verificando pré-requisitos... 
[03/05/2025 10:11:21,25] [INFO] Versão do Docker: Docker version 28.1.1, build 4eba377 
[03/05/2025 10:11:21,51] [INFO] Versão do kubectl: Kustomize Version: v5.6.0 
[03/05/2025 10:11:21,51] [INFO] Configurando ambiente... 
[03/05/2025 10:11:21,56] [INFO] Iniciando registry local... 
[03/05/2025 10:11:53,62] [INFO] Iniciando build e push de imagens... 
[03/05/2025 10:11:53,63] [INFO] Buildando imagem do monitoramento... 
[03/05/2025 10:12:03,13] [INFO] Buildando imagem do diagnostico... 
[03/05/2025 10:12:34,50] [INFO] Buildando imagem do gerador_acoes... 
[03/05/2025 10:12:54,70] [INFO] Buildando imagem do observabilidade... 
[03/05/2025 10:12:58,36] [INFO] Buildando imagem do portal_web... 
[03/05/2025 10:13:05,13] [INFO] Aplicando recursos Kubernetes... 
[03/05/2025 10:13:05,13] [INFO] Limpando deployments antigos... 
[03/05/2025 10:13:05,18] [INFO] Aplicando CRDs... 
[03/05/2025 10:13:05,30] [INFO] Aplicando recursos base... 
[03/05/2025 10:13:05,51] [INFO] Aplicando recursos de monitoramento... 
[03/05/2025 10:13:06,06] [INFO] Aplicando recursos de armazenamento... 
[03/05/2025 10:13:06,24] [INFO] Aplicando recursos de componentes... 
[03/05/2025 10:13:06,80] [INFO] Aplicando recursos de operadores... 
[03/05/2025 10:13:07,07] [INFO] Verificando configurações RBAC... 
[03/05/2025 10:13:07,24] [INFO] Verificação RBAC concluída com sucesso 
[03/05/2025 10:13:07,25] [INFO] Verificando status final... 
[03/05/2025 10:13:07,31] [INFO] Aguardando pods ficarem prontos (tentativa 1 de 3)... 
[03/05/2025 10:13:17,18] [INFO] Aguardando pods ficarem prontos (tentativa 2 de 3)... 
[03/05/2025 10:13:27,26] [INFO] Todos os pods estão rodando 
[03/05/2025 10:13:27,27] [INFO] Script concluído com sucesso 
