[03/05/2025 10:09:41,11] [INFO] Iniciando script de inicialização do Sistema de Autocura Cognitiva 
[03/05/2025 10:09:41,11] [INFO] Logs serão salvos em: C:\Users\i.A\Desktop\autocura_cognitiva\logs\startup_20250503_1009.log 
[03/05/2025 10:09:41,12] [INFO] Verificando pré-requisitos... 
[03/05/2025 10:09:41,18] [INFO] Versão do Docker: Docker version 28.1.1, build 4eba377 
[03/05/2025 10:09:41,38] [INFO] Versão do kubectl: Kustomize Version: v5.6.0 
[03/05/2025 10:09:41,38] [INFO] Configurando ambiente... 
[03/05/2025 10:09:41,43] [INFO] Registry local já está rodando 
[03/05/2025 10:10:10,27] [INFO] Iniciando build e push de imagens... 
[03/05/2025 10:10:10,28] [INFO] Buildando imagem do monitoramento... 
[03/05/2025 10:10:11,94] [INFO] Buildando imagem do diagnostico... 
[03/05/2025 10:10:13,34] [INFO] Buildando imagem do gerador_acoes... 
[03/05/2025 10:10:14,70] [INFO] Buildando imagem do observabilidade... 
[03/05/2025 10:10:16,08] [INFO] Buildando imagem do portal_web... 
[03/05/2025 10:10:17,43] [INFO] Aplicando recursos Kubernetes... 
[03/05/2025 10:10:17,43] [INFO] Limpando deployments antigos... 
[03/05/2025 10:10:17,48] [INFO] Aplicando CRDs... 
[03/05/2025 10:10:17,61] [INFO] Aplicando recursos base... 
[03/05/2025 10:10:17,81] [INFO] Aplicando recursos de monitoramento... 
[03/05/2025 10:10:18,35] [INFO] Aplicando recursos de armazenamento... 
[03/05/2025 10:10:18,52] [INFO] Aplicando recursos de componentes... 
[03/05/2025 10:10:18,58] [INFO] Aplicando recursos de operadores... 
[03/05/2025 10:10:18,84] [INFO] Verificando configurações RBAC... 
[03/05/2025 10:10:18,91] [ERRO] Falha na verificação dos ServiceAccounts 
[03/05/2025 10:10:18,91] [ERRO] Falha na verificação do RBAC 
