[03/05/2025 10:04:31,79] [INFO] Iniciando script de inicialização do Sistema de Autocura Cognitiva 
[03/05/2025 10:04:31,79] [INFO] Logs serão salvos em: C:\Users\i.A\Desktop\autocura_cognitiva\logs\startup_20250503_1004.log 
[03/05/2025 10:04:31,79] [INFO] Verificando pré-requisitos... 
[03/05/2025 10:04:31,85] [INFO] Versão do Docker: Docker version 28.1.1, build 4eba377 
[03/05/2025 10:04:32,05] [INFO] Versão do kubectl: Kustomize Version: v5.6.0 
[03/05/2025 10:04:32,05] [INFO] Configurando ambiente... 
[03/05/2025 10:04:32,10] [INFO] Registry local já está rodando 
[03/05/2025 10:05:02,10] [INFO] Iniciando build e push de imagens... 
[03/05/2025 10:05:02,10] [INFO] Buildando imagem do monitoramento... 
[03/05/2025 10:05:03,96] [INFO] Buildando imagem do diagnostico... 
[03/05/2025 10:05:05,33] [INFO] Buildando imagem do gerador_acoes... 
[03/05/2025 10:05:06,67] [INFO] Buildando imagem do observabilidade... 
[03/05/2025 10:05:08,01] [INFO] Buildando imagem do portal_web... 
[03/05/2025 10:05:09,35] [INFO] Aplicando recursos Kubernetes... 
[03/05/2025 10:05:09,36] [INFO] Limpando deployments antigos... 
[03/05/2025 10:05:09,41] [INFO] Aplicando CRDs... 
[03/05/2025 10:05:09,53] [INFO] Aplicando recursos base... 
[03/05/2025 10:05:09,72] [INFO] Aplicando recursos de monitoramento... 
[03/05/2025 10:05:10,28] [INFO] Aplicando recursos de armazenamento... 
[03/05/2025 10:05:10,44] [INFO] Aplicando recursos de componentes... 
[03/05/2025 10:05:10,50] [INFO] Aplicando recursos de operadores... 
[03/05/2025 10:05:10,77] [INFO] Verificando configurações RBAC... 
[03/05/2025 10:05:10,84] [ERRO] Falha na verificação dos ServiceAccounts 
[03/05/2025 10:05:10,84] [ERRO] Falha na verificação do RBAC 
