[03/05/2025  9:08:21,43] [INFO] Iniciando build e push de imagens... 
[03/05/2025  9:08:21,43] [INFO] Buildando imagem do monitoramento... 
[03/05/2025  9:08:29,36] [INFO] Aplicando recursos Kubernetes... 
[03/05/2025  9:08:29,36] [INFO] Limpando deployments antigos... 
[03/05/2025  9:08:29,42] [INFO] Aplicando CRDs... 
[03/05/2025  9:08:29,54] [INFO] Aplicando recursos base... 
[03/05/2025  9:08:29,75] [INFO] Aplicando recursos de monitoramento... 
[03/05/2025  9:08:29,80] [INFO] Aplicando recursos de armazenamento... 
[03/05/2025  9:08:29,84] [INFO] Aplicando recursos de componentes... 
[03/05/2025  9:08:29,89] [INFO] Aplicando recursos de operadores... 
[03/05/2025  9:08:29,94] [INFO] Verificando status final... 
[03/05/2025  9:08:29,99] [INFO] Aguardando pods ficarem prontos (tentativa 1 de 3)... 
[03/05/2025  9:08:40,18] [INFO] Aguardando pods ficarem prontos (tentativa 2 de 3)... 
[03/05/2025  9:08:56,12] [INFO] Aguardando pods ficarem prontos (tentativa 3 de 3)... 
[03/05/2025  9:09:06,30] [INFO] Aguardando pods ficarem prontos (tentativa 4 de 3)... 
[03/05/2025  9:09:16,19] [INFO] Aguardando pods ficarem prontos (tentativa 5 de 3)... 
[03/05/2025  9:09:26,26] [INFO] Aguardando pods ficarem prontos (tentativa 6 de 3)... 
[03/05/2025  9:09:36,27] [INFO] Aguardando pods ficarem prontos (tentativa 7 de 3)... 
[03/05/2025  9:09:46,25] [INFO] Aguardando pods ficarem prontos (tentativa 8 de 3)... 
[03/05/2025  9:09:56,23] [INFO] Aguardando pods ficarem prontos (tentativa 9 de 3)... 
[03/05/2025  9:10:06,23] [INFO] Aguardando pods ficarem prontos (tentativa 10 de 3)... 
[03/05/2025  9:10:16,26] [INFO] Aguardando pods ficarem prontos (tentativa 11 de 3)... 
[03/05/2025  9:10:26,23] [INFO] Aguardando pods ficarem prontos (tentativa 12 de 3)... 
[03/05/2025  9:10:36,18] [INFO] Aguardando pods ficarem prontos (tentativa 13 de 3)... 
[03/05/2025  9:10:46,15] [INFO] Aguardando pods ficarem prontos (tentativa 14 de 3)... 
[03/05/2025  9:10:56,25] [INFO] Aguardando pods ficarem prontos (tentativa 15 de 3)... 
[03/05/2025  9:11:06,18] [INFO] Aguardando pods ficarem prontos (tentativa 16 de 3)... 
[03/05/2025  9:11:16,17] [INFO] Aguardando pods ficarem prontos (tentativa 17 de 3)... 
[03/05/2025  9:11:26,23] [INFO] Aguardando pods ficarem prontos (tentativa 18 de 3)... 
[03/05/2025  9:11:36,22] [INFO] Aguardando pods ficarem prontos (tentativa 19 de 3)... 
[03/05/2025  9:11:46,21] [INFO] Aguardando pods ficarem prontos (tentativa 20 de 3)... 
[03/05/2025  9:11:56,26] [INFO] Aguardando pods ficarem prontos (tentativa 21 de 3)... 
[03/05/2025  9:12:06,20] [INFO] Aguardando pods ficarem prontos (tentativa 22 de 3)... 
[03/05/2025  9:12:16,18] [INFO] Aguardando pods ficarem prontos (tentativa 23 de 3)... 
[03/05/2025  9:12:26,20] [INFO] Aguardando pods ficarem prontos (tentativa 24 de 3)... 
[03/05/2025  9:12:36,26] [INFO] Aguardando pods ficarem prontos (tentativa 25 de 3)... 
[03/05/2025  9:12:46,18] [INFO] Aguardando pods ficarem prontos (tentativa 26 de 3)... 
[03/05/2025  9:12:56,21] [INFO] Aguardando pods ficarem prontos (tentativa 27 de 3)... 
[03/05/2025  9:13:06,16] [INFO] Aguardando pods ficarem prontos (tentativa 28 de 3)... 
[03/05/2025  9:13:16,27] [INFO] Aguardando pods ficarem prontos (tentativa 29 de 3)... 
[03/05/2025  9:13:26,17] [ERRO] Falha ao verificar status dos pods 
[03/05/2025  9:13:26,17] [ERRO] Falha na verificação do status final 
